0 info it worked if it ends with ok
1 verbose cli [ 'D:\\Program Files\\nodejs\\\\node.exe',
1 verbose cli   'D:\\Program Files\\nodejs\\node_modules\\npm\\bin\\npm-cli.js',
1 verbose cli   'install',
1 verbose cli   '-g',
1 verbose cli   'n' ]
2 info using npm@2.14.0
3 info using node@v0.10.28
4 verbose install initial load of D:\Program Files\nodejs\package.json
5 verbose readDependencies loading dependencies from D:\Program Files\nodejs\package.json
6 silly cache add args [ 'n', null ]
7 verbose cache add spec n
8 silly cache add parsed spec { raw: 'n',
8 silly cache add   scope: null,
8 silly cache add   name: 'n',
8 silly cache add   rawSpec: '',
8 silly cache add   spec: '*',
8 silly cache add   type: 'range' }
9 silly addNamed n@*
10 verbose addNamed "*" is a valid semver range for n
11 silly addNameRange { name: 'n', range: '*', hasData: false }
12 silly mapToRegistry name n
13 silly mapToRegistry using default registry
14 silly mapToRegistry registry https://registry.npmjs.org/
15 silly mapToRegistry uri https://registry.npmjs.org/n
16 verbose addNameRange registry:https://registry.npmjs.org/n not in flight; fetching
17 verbose request uri https://registry.npmjs.org/n
18 verbose request no auth needed
19 info attempt registry request try #1 at 18:17:58
20 verbose request id 7ed34b75b52d6eb1
21 http request GET https://registry.npmjs.org/n
22 http 200 https://registry.npmjs.org/n
23 silly get cb [ 200,
23 silly get   { server: 'CouchDB/1.5.0 (Erlang OTP/R16B03)',
23 silly get     etag: '"EHZJLSWI8SUXRXKF4GPZ3MNDY"',
23 silly get     'content-type': 'application/json',
23 silly get     'cache-control': 'max-age=60',
23 silly get     'content-length': '52067',
23 silly get     'accept-ranges': 'bytes',
23 silly get     date: 'Mon, 31 Aug 2015 22:18:26 GMT',
23 silly get     via: '1.1 varnish',
23 silly get     age: '0',
23 silly get     connection: 'keep-alive',
23 silly get     'x-served-by': 'cache-jfk1020-JFK',
23 silly get     'x-cache': 'HIT',
23 silly get     'x-cache-hits': '1',
23 silly get     'x-timer': 'S1441059506.932756,VS0,VE19',
23 silly get     vary: 'Accept' } ]
24 verbose get saving n to C:\Users\daamazing1\AppData\Roaming\npm-cache\registry.npmjs.org\n\.cache.json
25 verbose makeDirectory C:\Users\daamazing1\AppData\Roaming\npm-cache creation not in flight; initializing
26 verbose makeCacheDir UID & GID are irrelevant on win32
27 silly addNameRange number 2 { name: 'n', range: '*', hasData: true }
28 silly addNameRange versions [ 'n',
28 silly addNameRange   [ '0.0.1',
28 silly addNameRange     '0.0.2',
28 silly addNameRange     '0.0.3',
28 silly addNameRange     '0.0.4',
28 silly addNameRange     '0.1.0',
28 silly addNameRange     '0.1.1',
28 silly addNameRange     '0.1.2',
28 silly addNameRange     '0.2.0',
28 silly addNameRange     '0.2.1',
28 silly addNameRange     '0.2.2',
28 silly addNameRange     '0.3.0',
28 silly addNameRange     '0.4.0',
28 silly addNameRange     '0.4.1',
28 silly addNameRange     '0.4.2',
28 silly addNameRange     '0.5.0',
28 silly addNameRange     '0.5.1',
28 silly addNameRange     '0.5.2',
28 silly addNameRange     '0.5.3',
28 silly addNameRange     '0.5.4',
28 silly addNameRange     '0.6.0',
28 silly addNameRange     '0.6.1',
28 silly addNameRange     '0.7.0',
28 silly addNameRange     '0.7.1',
28 silly addNameRange     '0.7.2',
28 silly addNameRange     '0.7.3',
28 silly addNameRange     '0.8.0',
28 silly addNameRange     '0.8.1',
28 silly addNameRange     '0.8.2',
28 silly addNameRange     '0.9.0',
28 silly addNameRange     '0.9.1',
28 silly addNameRange     '0.9.2',
28 silly addNameRange     '0.9.3',
28 silly addNameRange     '1.0.0',
28 silly addNameRange     '1.1.0',
28 silly addNameRange     '1.2.1',
28 silly addNameRange     '1.2.2',
28 silly addNameRange     '1.2.3',
28 silly addNameRange     '1.2.4',
28 silly addNameRange     '1.2.5',
28 silly addNameRange     '1.2.6',
28 silly addNameRange     '1.2.7',
28 silly addNameRange     '1.2.8',
28 silly addNameRange     '1.2.9',
28 silly addNameRange     '1.2.11',
28 silly addNameRange     '1.2.13',
28 silly addNameRange     '1.2.14',
28 silly addNameRange     '1.3.0',
28 silly addNameRange     '1.4.0',
28 silly addNameRange     '2.0.0',
28 silly addNameRange     '1.4.1',
28 silly addNameRange     '2.0.1',
28 silly addNameRange     '1.4.2',
28 silly addNameRange     '2.0.2' ] ]
29 silly addNamed n@2.0.2
30 verbose addNamed "2.0.2" is a plain semver version for n
31 silly mapToRegistry name n
32 silly mapToRegistry using default registry
33 silly mapToRegistry registry https://registry.npmjs.org/
34 silly mapToRegistry uri https://registry.npmjs.org/n
35 verbose addRemoteTarball https://registry.npmjs.org/n/-/n-2.0.2.tgz not in flight; adding
36 verbose addRemoteTarball [ 'https://registry.npmjs.org/n/-/n-2.0.2.tgz',
36 verbose addRemoteTarball   '1d132d1e33c8687bae54313792626e7878bd5f57' ]
37 info retry fetch attempt 1 at 18:17:58
38 info attempt registry request try #1 at 18:17:58
39 http fetch GET https://registry.npmjs.org/n/-/n-2.0.2.tgz
40 http fetch 200 https://registry.npmjs.org/n/-/n-2.0.2.tgz
41 silly fetchAndShaCheck shasum 1d132d1e33c8687bae54313792626e7878bd5f57
42 verbose addTmpTarball C:\Users\DAAMAZ~1\AppData\Local\Temp\npm-5884-9897c897\registry.npmjs.org\n\-\n-2.0.2.tgz not in flight; adding
43 verbose addTmpTarball already have metadata; skipping unpack for n@2.0.2
44 silly cache afterAdd n@2.0.2
45 verbose afterAdd C:\Users\daamazing1\AppData\Roaming\npm-cache\n\2.0.2\package\package.json not in flight; writing
46 verbose afterAdd C:\Users\daamazing1\AppData\Roaming\npm-cache\n\2.0.2\package\package.json written
47 silly install resolved [ { name: 'n',
47 silly install resolved     description: 'node version manager',
47 silly install resolved     version: '2.0.2',
47 silly install resolved     author: { name: 'TJ Holowaychuk', email: 'tj@vision-media.ca' },
47 silly install resolved     homepage: 'https://github.com/tj/n',
47 silly install resolved     bugs: { url: 'https://github.com/tj/n/issues' },
47 silly install resolved     contributors: [ [Object] ],
47 silly install resolved     keywords:
47 silly install resolved      [ 'nvm',
47 silly install resolved        'node',
47 silly install resolved        'version',
47 silly install resolved        'manager',
47 silly install resolved        'switcher',
47 silly install resolved        'node',
47 silly install resolved        'binary',
47 silly install resolved        'env' ],
47 silly install resolved     bin: { n: './bin/n' },
47 silly install resolved     repository: { type: 'git', url: 'git://github.com/tj/n.git' },
47 silly install resolved     preferGlobal: true,
47 silly install resolved     os: [ '!win32' ],
47 silly install resolved     engines: { node: '*' },
47 silly install resolved     license: 'MIT',
47 silly install resolved     gitHead: '7831e76a57429afc6341a583febb99469db4d1dc',
47 silly install resolved     _id: 'n@2.0.2',
47 silly install resolved     scripts: {},
47 silly install resolved     _shasum: '1d132d1e33c8687bae54313792626e7878bd5f57',
47 silly install resolved     _from: 'n@*',
47 silly install resolved     _npmVersion: '2.13.4',
47 silly install resolved     _nodeVersion: '0.12.7',
47 silly install resolved     _npmUser: { name: 'maxrimue', email: 'max.rittmueller@gmail.com' },
47 silly install resolved     dist:
47 silly install resolved      { shasum: '1d132d1e33c8687bae54313792626e7878bd5f57',
47 silly install resolved        tarball: 'http://registry.npmjs.org/n/-/n-2.0.2.tgz' },
47 silly install resolved     maintainers:
47 silly install resolved      [ [Object],
47 silly install resolved        [Object],
47 silly install resolved        [Object],
47 silly install resolved        [Object],
47 silly install resolved        [Object],
47 silly install resolved        [Object],
47 silly install resolved        [Object] ],
47 silly install resolved     directories: {},
47 silly install resolved     _resolved: 'https://registry.npmjs.org/n/-/n-2.0.2.tgz' } ]
48 info install n@2.0.2 into D:\Program Files\nodejs
49 info installOne n@2.0.2
50 verbose installOne of n to D:\Program Files\nodejs not in flight; installing
51 verbose makeDirectory C:\Users\daamazing1\AppData\Roaming\npm-cache\_locks creation not in flight; initializing
52 verbose makeCacheDir UID & GID are irrelevant on win32
53 verbose lock using C:\Users\daamazing1\AppData\Roaming\npm-cache\_locks\n-4433557ada3f7b90.lock for D:\Program Files\nodejs\node_modules\n
54 verbose unlock done using C:\Users\daamazing1\AppData\Roaming\npm-cache\_locks\n-4433557ada3f7b90.lock for D:\Program Files\nodejs\node_modules\n
55 verbose stack Error: Unsupported
55 verbose stack     at checkPlatform (D:\Program Files\nodejs\node_modules\npm\node_modules\npm-install-checks\index.js:47:14)
55 verbose stack     at Array.1 (D:\Program Files\nodejs\node_modules\npm\node_modules\slide\lib\bind-actor.js:15:8)
55 verbose stack     at LOOP (D:\Program Files\nodejs\node_modules\npm\node_modules\slide\lib\chain.js:15:14)
55 verbose stack     at D:\Program Files\nodejs\node_modules\npm\node_modules\slide\lib\chain.js:18:7
55 verbose stack     at checkEngine (D:\Program Files\nodejs\node_modules\npm\node_modules\npm-install-checks\index.js:26:10)
55 verbose stack     at Array.0 (D:\Program Files\nodejs\node_modules\npm\node_modules\slide\lib\bind-actor.js:15:8)
55 verbose stack     at LOOP (D:\Program Files\nodejs\node_modules\npm\node_modules\slide\lib\chain.js:15:14)
55 verbose stack     at chain (D:\Program Files\nodejs\node_modules\npm\node_modules\slide\lib\chain.js:20:5)
55 verbose stack     at D:\Program Files\nodejs\node_modules\npm\lib\install.js:1038:5
55 verbose stack     at D:\Program Files\nodejs\node_modules\npm\lib\utils\locker.js:39:7
56 verbose pkgid n@2.0.2
57 verbose cwd C:\Users\daamazing1\Documents\GitHub\VSSystemOnline
58 error Windows_NT 6.2.9200
59 error argv "D:\\Program Files\\nodejs\\\\node.exe" "D:\\Program Files\\nodejs\\node_modules\\npm\\bin\\npm-cli.js" "install" "-g" "n"
60 error node v0.10.28
61 error npm  v2.14.0
62 error code EBADPLATFORM
63 error notsup Unsupported
63 error notsup Not compatible with your operating system or architecture: n@2.0.2
63 error notsup Valid OS:    !win32
63 error notsup Valid Arch:  any
63 error notsup Actual OS:   win32
63 error notsup Actual Arch: x64
64 verbose exit [ 1, true ]
