0 info it worked if it ends with ok
1 verbose cli [ '/usr/bin/nodejs', '/usr/bin/npm', 'run', 'start' ]
2 info using npm@3.9.3
3 info using node@v6.2.1
4 verbose run-script [ 'prestart', 'start', 'poststart' ]
5 info lifecycle vs-system-card-database@1.0.0~prestart: vs-system-card-database@1.0.0
6 silly lifecycle vs-system-card-database@1.0.0~prestart: no script for prestart, continuing
7 info lifecycle vs-system-card-database@1.0.0~start: vs-system-card-database@1.0.0
8 verbose lifecycle vs-system-card-database@1.0.0~start: unsafe-perm in lifecycle true
9 verbose lifecycle vs-system-card-database@1.0.0~start: PATH: /usr/lib/node_modules/npm/bin/node-gyp-bin:/home/daamazing1/Documents/VSSystemOnline/server/rest-api/node_modules/.bin:/usr/bin:/usr/local/sbin:/usr/local/bin:/usr/sbin:/usr/bin:/sbin:/bin:/usr/games:/usr/local/games:/usr/local/ec2/ec2-api-tools-1.7.5.1/bin
10 verbose lifecycle vs-system-card-database@1.0.0~start: CWD: /home/daamazing1/Documents/VSSystemOnline/server/rest-api
11 silly lifecycle vs-system-card-database@1.0.0~start: Args: [ '-c', 'node lib/app.js' ]
12 silly lifecycle vs-system-card-database@1.0.0~start: Returned: code: 1  signal: null
13 info lifecycle vs-system-card-database@1.0.0~start: Failed to exec start script
14 verbose stack Error: vs-system-card-database@1.0.0 start: `node lib/app.js`
14 verbose stack Exit status 1
14 verbose stack     at EventEmitter.<anonymous> (/usr/lib/node_modules/npm/lib/utils/lifecycle.js:245:16)
14 verbose stack     at emitTwo (events.js:106:13)
14 verbose stack     at EventEmitter.emit (events.js:191:7)
14 verbose stack     at ChildProcess.<anonymous> (/usr/lib/node_modules/npm/lib/utils/spawn.js:24:14)
14 verbose stack     at emitTwo (events.js:106:13)
14 verbose stack     at ChildProcess.emit (events.js:191:7)
14 verbose stack     at maybeClose (internal/child_process.js:852:16)
14 verbose stack     at Process.ChildProcess._handle.onexit (internal/child_process.js:215:5)
15 verbose pkgid vs-system-card-database@1.0.0
16 verbose cwd /home/daamazing1/Documents/VSSystemOnline/server/rest-api
17 error Linux 4.2.0-36-generic
18 error argv "/usr/bin/nodejs" "/usr/bin/npm" "run" "start"
19 error node v6.2.1
20 error npm  v3.9.3
21 error code ELIFECYCLE
22 error vs-system-card-database@1.0.0 start: `node lib/app.js`
22 error Exit status 1
23 error Failed at the vs-system-card-database@1.0.0 start script 'node lib/app.js'.
23 error Make sure you have the latest version of node.js and npm installed.
23 error If you do, this is most likely a problem with the vs-system-card-database package,
23 error not with npm itself.
23 error Tell the author that this fails on your system:
23 error     node lib/app.js
23 error You can get information on how to open an issue for this project with:
23 error     npm bugs vs-system-card-database
23 error Or if that isn't available, you can get their info via:
23 error     npm owner ls vs-system-card-database
23 error There is likely additional logging output above.
24 verbose exit [ 1, true ]
